<?xml version="1.0" encoding="UTF-8"?>
<!-- Generated by org.testng.reporters.JUnitReportReporter -->
<testsuite hostname="DESKTOP-9RB9S5V" failures="0" tests="1" name="Demo.D1Test" time="46.557" errors="0" timestamp="2023-04-20T22:36:49 IST" skipped="0">
  <testcase classname="Demo.D1Test" name="sample" time="46.557"/>
  <system-out/>
</testsuite> <!-- Demo.D1Test -->
