<?xml version="1.0" encoding="UTF-8"?>
<!-- Generated by org.testng.reporters.JUnitReportReporter -->
<testsuite hostname="DESKTOP-9RB9S5V" failures="0" tests="1" name="Demo.RegressionTest" time="0.034" errors="0" timestamp="2023-04-20T13:37:27 IST" skipped="0">
  <testcase classname="Demo.RegressionTest" name="m2" time="0.034"/>
  <system-out/>
</testsuite> <!-- Demo.RegressionTest -->
