<?xml version="1.0" encoding="UTF-8"?>
<!-- Generated by org.testng.reporters.JUnitReportReporter -->
<testsuite hostname="DESKTOP-9RB9S5V" failures="0" tests="1" name="Demo.smokeEX" time="0.025" errors="0" timestamp="2023-04-20T13:37:37 IST" skipped="0">
  <testcase classname="Demo.smokeEX" name="m1" time="0.025"/>
  <system-out/>
</testsuite> <!-- Demo.smokeEX -->
